#
# There is insufficient memory for the Java Runtime Environment to continue.
# Native memory allocation (malloc) failed to allocate 1048576 bytes for AllocateHeap
# Possible reasons:
#   The system is out of physical RAM or swap space
#   The process is running with CompressedOops enabled, and the Java Heap may be blocking the growth of the native heap
# Possible solutions:
#   Reduce memory load on the system
#   Increase physical memory or swap space
#   Check if swap backing store is full
#   Decrease Java heap size (-Xmx/-Xms)
#   Decrease number of Java threads
#   Decrease Java thread stack sizes (-Xss)
#   Set larger code cache with -XX:ReservedCodeCacheSize=
#   JVM is running with Unscaled Compressed Oops mode in which the Java heap is
#     placed in the first 4GB address space. The Java Heap base address is the
#     maximum limit for the native heap growth. Please use -XX:HeapBaseMinAddress
#     to set the Java Heap base and to place the Java Heap above 4GB virtual address.
# This output file may be truncated or incomplete.
#
#  Out of Memory Error (t:/workspace/open/src/hotspot/share/memory/allocation.cpp:46), pid=12968, tid=6940
#
# JRE version: OpenJDK Runtime Environment (11.0.2+9) (build 11.0.2+9)
# Java VM: OpenJDK 64-Bit Server VM (11.0.2+9, mixed mode, tiered, compressed oops, g1 gc, windows-amd64)
# No core dump will be written. Minidumps are not enabled by default on client versions of Windows
#

---------------  S U M M A R Y ------------

Command Line: -Dcom.sun.management.jmxremote -Dcom.sun.management.jmxremote.port=58982 -Dcom.sun.management.jmxremote.authenticate=false -Dcom.sun.management.jmxremote.ssl=false -Djava.rmi.server.hostname=localhost -Dspring.jmx.enabled=true -Dspring.application.admin.enabled=true -Xverify:none -XX:TieredStopAtLevel=1 -Dspring.boot.project.name=securite-service -Dfile.encoding=UTF-8 fr.u.picardie.m2.d605.security.SecuriteServiceApplication --spring.output.ansi.enabled=always

Host: Intel(R) Core(TM) i5-5300U CPU @ 2.30GHz, 4 cores, 7G,  Windows 10 , 64 bit Build 17763 (10.0.17763.475)
Time: Thu Mar 26 01:49:06 2020 Paris, Madrid elapsed time: 22 seconds (0d 0h 0m 22s)

---------------  T H R E A D  ---------------

Current thread (0x0000020179d05800):  VMThread "VM Thread" [stack: 0x000000be27700000,0x000000be27800000] [id=6940]

Stack: [0x000000be27700000,0x000000be27800000]
[error occurred during error reporting (printing stack bounds), id 0xc0000005, EXCEPTION_ACCESS_VIOLATION (0xc0000005) at pc=0x0000020100000bad]

Native frames: (J=compiled Java code, j=interpreted, Vv=VM code, C=native code)
V  [jvm.dll+0x63489a]
V  [jvm.dll+0x771f9f]
V  [jvm.dll+0x773648]
V  [jvm.dll+0x773c65]
V  [jvm.dll+0x773c1b]
V  [jvm.dll+0x633fa6]
V  [jvm.dll+0x634368]
C  [ntdll.dll+0xa477f]
C  [ntdll.dll+0x4bef]
C  [ntdll.dll+0xa34ee]
C  0x0000020100000bad

VM_Operation (0x000000be28cf85e0): CollectForMetadataAllocation, mode: safepoint, requested by thread 0x000002017ba08000


---------------  P R O C E S S  ---------------

Threads class SMR info:
_java_thread_list=0x000002017e3c0a20, length=29, elements={
0x000002016874b800, 0x0000020179d1c000, 0x0000020179d14800, 0x000002017a59d800,
0x000002017a5a0800, 0x000002017a54e000, 0x000002017a554000, 0x000002017a746000,
0x000002017a779800, 0x000002017ae15800, 0x000002017b16a800, 0x000002017b163000,
0x000002017b1e3800, 0x000002017ba05800, 0x000002017ba06800, 0x000002017ba08000,
0x000002017ba49000, 0x000002017ba6b000, 0x000002017c248800, 0x000002017bc54800,
0x000002017c21a000, 0x000002017c21a800, 0x000002017c218800, 0x000002017c219000,
0x000002017e2e6800, 0x000002017e2e8000, 0x000002017e2ea800, 0x000002017e2e9000,
0x000002017e2e5800
}

Java Threads: ( => current thread )
  0x000002016874b800 JavaThread "main" [_thread_blocked, id=24952, stack(0x000000be27100000,0x000000be27200000)]
  0x0000020179d1c000 JavaThread "Reference Handler" daemon [_thread_blocked, id=25784, stack(0x000000be27800000,0x000000be27900000)]
  0x0000020179d14800 JavaThread "Finalizer" daemon [_thread_blocked, id=26188, stack(0x000000be27900000,0x000000be27a00000)]
  0x000002017a59d800 JavaThread "Signal Dispatcher" daemon [_thread_blocked, id=10680, stack(0x000000be27a00000,0x000000be27b00000)]
  0x000002017a5a0800 JavaThread "Attach Listener" daemon [_thread_blocked, id=21628, stack(0x000000be27b00000,0x000000be27c00000)]
  0x000002017a54e000 JavaThread "C1 CompilerThread0" daemon [_thread_blocked, id=12828, stack(0x000000be27c00000,0x000000be27d00000)]
  0x000002017a554000 JavaThread "Sweeper thread" daemon [_thread_blocked, id=18904, stack(0x000000be27d00000,0x000000be27e00000)]
  0x000002017a746000 JavaThread "Common-Cleaner" daemon [_thread_blocked, id=260, stack(0x000000be27e00000,0x000000be27f00000)]
  0x000002017a779800 JavaThread "Service Thread" daemon [_thread_blocked, id=2524, stack(0x000000be27f00000,0x000000be28000000)]
  0x000002017ae15800 JavaThread "C1 CompilerThread1" daemon [_thread_blocked, id=25880, stack(0x000000be28000000,0x000000be28100000)]
  0x000002017b16a800 JavaThread "RMI TCP Accept-0" daemon [_thread_in_native, id=21896, stack(0x000000be28300000,0x000000be28400000)]
  0x000002017b163000 JavaThread "RMI TCP Accept-58982" daemon [_thread_in_native, id=21132, stack(0x000000be28400000,0x000000be28500000)]
  0x000002017b1e3800 JavaThread "RMI TCP Accept-0" daemon [_thread_in_native, id=12180, stack(0x000000be28500000,0x000000be28600000)]
  0x000002017ba05800 JavaThread "RMI TCP Connection(1)-127.0.0.1" daemon [_thread_in_native, id=26120, stack(0x000000be28a00000,0x000000be28b00000)]
  0x000002017ba06800 JavaThread "Thread-0" [_thread_blocked, id=11688, stack(0x000000be28b00000,0x000000be28c00000)]
  0x000002017ba08000 JavaThread "restartedMain" [_thread_blocked, id=19856, stack(0x000000be28c00000,0x000000be28d00000)]
  0x000002017ba49000 JavaThread "RMI Scheduler(0)" daemon [_thread_blocked, id=18708, stack(0x000000be28d00000,0x000000be28e00000)]
  0x000002017ba6b000 JavaThread "JMX server connection timeout 21" daemon [_thread_blocked, id=20116, stack(0x000000be28f00000,0x000000be29000000)]
  0x000002017c248800 JavaThread "RMI TCP Connection(2)-127.0.0.1" daemon [_thread_in_native, id=19384, stack(0x000000be28700000,0x000000be28800000)]
  0x000002017bc54800 JavaThread "C1 CompilerThread2" daemon [_thread_blocked, id=21508, stack(0x000000be29000000,0x000000be29100000)]
  0x000002017c21a000 JavaThread "Catalina-utility-1" [_thread_blocked, id=10224, stack(0x000000be29100000,0x000000be29200000)]
  0x000002017c21a800 JavaThread "Catalina-utility-2" [_thread_blocked, id=14196, stack(0x000000be29200000,0x000000be29300000)]
  0x000002017c218800 JavaThread "container-0" [_thread_blocked, id=6152, stack(0x000000be29300000,0x000000be29400000)]
  0x000002017c219000 JavaThread "Thread-6" daemon [_thread_in_native, id=25020, stack(0x000000be29500000,0x000000be29600000)]
  0x000002017e2e6800 JavaThread "cluster-ClusterId{value='5e7bfbff13c3d00b6fe203d2', description='null'}-srv-d605-1-arlin.gcp.mongodb.net" daemon [_thread_blocked, id=5284, stack(0x000000be29600000,0x000000be29700000)]
  0x000002017e2e8000 JavaThread "CleanCursors-1-thread-1" daemon [_thread_blocked, id=25828, stack(0x000000be29700000,0x000000be29800000)]
  0x000002017e2ea800 JavaThread "cluster-ClusterId{value='5e7bfbff13c3d00b6fe203d2', description='null'}-d605-1-shard-00-00-arlin.gcp.mongodb.net:27017" daemon [_thread_blocked, id=18864, stack(0x000000be29800000,0x000000be29900000)]
  0x000002017e2e9000 JavaThread "cluster-ClusterId{value='5e7bfbff13c3d00b6fe203d2', description='null'}-d605-1-shard-00-02-arlin.gcp.mongodb.net:27017" daemon [_thread_blocked, id=4016, stack(0x000000be29900000,0x000000be29a00000)]
  0x000002017e2e5800 JavaThread "cluster-ClusterId{value='5e7bfbff13c3d00b6fe203d2', description='null'}-d605-1-shard-00-01-arlin.gcp.mongodb.net:27017" daemon [_thread_blocked, id=25624, stack(0x000000be29a00000,0x000000be29b00000)]

Other Threads:
=>0x0000020179d05800 VMThread "VM Thread" [stack: 0x000000be27700000,0x000000be27800000] [id=6940]
  0x000002017b1e5000 WatcherThread [stack: 0x000000be28600000,0x000000be28700000] [id=4372]
  0x0000020168760000 GCTaskThread "GC Thread#0" [stack: 0x000000be27200000,0x000000be27300000] [id=5000]
  0x000002017a919800 GCTaskThread "GC Thread#1" [stack: 0x000000be28100000,0x000000be28200000] [id=2192]
  0x000002017a91a000 GCTaskThread "GC Thread#2" [stack: 0x000000be28200000,0x000000be28300000] [id=17752]
  0x000002017ba59800 GCTaskThread "GC Thread#3" [stack: 0x000000be28e00000,0x000000be28f00000] [id=19756]
  0x0000020168792000 ConcurrentGCThread "G1 Main Marker" [stack: 0x000000be27300000,0x000000be27400000] [id=15464]
  0x0000020168798000 ConcurrentGCThread "G1 Conc#0" [stack: 0x000000be27400000,0x000000be27500000] [id=19868]
  0x0000020179b73800 ConcurrentGCThread "G1 Refine#0" [stack: 0x000000be27500000,0x000000be27600000] [id=11028]
  0x000002017ba37000 ConcurrentGCThread "G1 Refine#1" [stack: 0x000000be28800000,0x000000be28900000] [id=26480]
  0x000002017ba3e000 ConcurrentGCThread "G1 Refine#2" [stack: 0x000000be28900000,0x000000be28a00000] [id=14584]
  0x0000020179b74800 ConcurrentGCThread "G1 Young RemSet Sampling" [stack: 0x000000be27600000,0x000000be27700000] [id=26324]

Threads with active compile tasks:

VM state:at safepoint (normal execution)

VM Mutex/Monitor currently owned by a thread:  ([mutex/lock_event])
[0x0000020168748bf0] Threads_lock - owner thread: 0x0000020179d05800
[0x0000020168747d50] Heap_lock - owner thread: 0x000002017ba08000

Heap address: 0x0000000081a00000, size: 2022 MB, Compressed Oops mode: 32-bit
Narrow klass base: 0x0000000000000000, Narrow klass shift: 3
Compressed class space size: 1073741824 Address: 0x0000000100000000

Heap:
 garbage-first heap   total 131072K, used 40141K [0x0000000081a00000, 0x0000000100000000)
  region size 1024K, 5 young (5120K), 5 survivors (5120K)
 Metaspace       used 53050K, capacity 54934K, committed 54960K, reserved 1110016K
  class space    used 6885K, capacity 7657K, committed 7680K, reserved 1048576K
Heap Regions: E=young(eden), S=young(survivor), O=old, HS=humongous(starts), HC=humongous(continues), CS=collection set, F=free, A=archive, TAMS=top-at-mark-start (previous, next)
|   0|0x0000000081a00000, 0x0000000081b00000, 0x0000000081b00000|100%| O|  |TAMS 0x0000000081b00000, 0x0000000081b00000| Untracked 
|   1|0x0000000081b00000, 0x0000000081c00000, 0x0000000081c00000|100%| O|  |TAMS 0x0000000081c00000, 0x0000000081c00000| Untracked 
|   2|0x0000000081c00000, 0x0000000081d00000, 0x0000000081d00000|100%| O|  |TAMS 0x0000000081d00000, 0x0000000081d00000| Untracked 
|   3|0x0000000081d00000, 0x0000000081e00000, 0x0000000081e00000|100%| O|  |TAMS 0x0000000081e00000, 0x0000000081e00000| Untracked 
|   4|0x0000000081e00000, 0x0000000081f00000, 0x0000000081f00000|100%| O|  |TAMS 0x0000000081f00000, 0x0000000081f00000| Untracked 
|   5|0x0000000081f00000, 0x0000000082000000, 0x0000000082000000|100%| O|  |TAMS 0x0000000082000000, 0x0000000082000000| Untracked 
|   6|0x0000000082000000, 0x0000000082100000, 0x0000000082100000|100%| O|  |TAMS 0x0000000082100000, 0x0000000082100000| Untracked 
|   7|0x0000000082100000, 0x0000000082200000, 0x0000000082200000|100%| O|  |TAMS 0x0000000082200000, 0x0000000082200000| Untracked 
|   8|0x0000000082200000, 0x0000000082300000, 0x0000000082300000|100%| O|  |TAMS 0x0000000082300000, 0x0000000082300000| Untracked 
|   9|0x0000000082300000, 0x0000000082400000, 0x0000000082400000|100%| O|  |TAMS 0x0000000082400000, 0x0000000082400000| Untracked 
|  10|0x0000000082400000, 0x0000000082500000, 0x0000000082500000|100%| O|  |TAMS 0x0000000082500000, 0x0000000082500000| Untracked 
|  11|0x0000000082500000, 0x0000000082600000, 0x0000000082600000|100%| O|  |TAMS 0x0000000082600000, 0x0000000082600000| Untracked 
|  12|0x0000000082600000, 0x0000000082700000, 0x0000000082700000|100%| O|  |TAMS 0x0000000082700000, 0x0000000082700000| Untracked 
|  13|0x0000000082700000, 0x0000000082800000, 0x0000000082800000|100%| O|  |TAMS 0x00000000827be400, 0x0000000082800000| Untracked 
|  14|0x0000000082800000, 0x0000000082900000, 0x0000000082900000|100%| O|  |TAMS 0x0000000082800000, 0x0000000082900000| Untracked 
|  15|0x0000000082900000, 0x0000000082a00000, 0x0000000082a00000|100%| O|  |TAMS 0x0000000082900000, 0x0000000082a00000| Untracked 
|  16|0x0000000082a00000, 0x0000000082b00000, 0x0000000082b00000|100%| O|  |TAMS 0x0000000082a00000, 0x0000000082b00000| Untracked 
|  17|0x0000000082b00000, 0x0000000082c00000, 0x0000000082c00000|100%| O|  |TAMS 0x0000000082b00000, 0x0000000082c00000| Untracked 
|  18|0x0000000082c00000, 0x0000000082d00000, 0x0000000082d00000|100%| O|  |TAMS 0x0000000082c00000, 0x0000000082d00000| Untracked 
|  19|0x0000000082d00000, 0x0000000082e00000, 0x0000000082e00000|100%| O|  |TAMS 0x0000000082d00000, 0x0000000082e00000| Untracked 
|  20|0x0000000082e00000, 0x0000000082f00000, 0x0000000082f00000|100%| O|  |TAMS 0x0000000082e00000, 0x0000000082f00000| Untracked 
|  21|0x0000000082f00000, 0x0000000083000000, 0x0000000083000000|100%| O|  |TAMS 0x0000000082f00000, 0x0000000083000000| Untracked 
|  22|0x0000000083000000, 0x0000000083100000, 0x0000000083100000|100%| O|  |TAMS 0x0000000083000000, 0x0000000083100000| Untracked 
|  23|0x0000000083100000, 0x0000000083200000, 0x0000000083200000|100%| O|  |TAMS 0x0000000083100000, 0x0000000083200000| Untracked 
|  24|0x0000000083200000, 0x0000000083300000, 0x0000000083300000|100%| O|  |TAMS 0x0000000083200000, 0x0000000083300000| Untracked 
|  25|0x0000000083300000, 0x0000000083400000, 0x0000000083400000|100%| O|  |TAMS 0x0000000083300000, 0x0000000083400000| Untracked 
|  26|0x0000000083400000, 0x0000000083500000, 0x0000000083500000|100%| O|  |TAMS 0x0000000083400000, 0x0000000083500000| Untracked 
|  27|0x0000000083500000, 0x0000000083600000, 0x0000000083600000|100%| O|  |TAMS 0x0000000083500000, 0x0000000083600000| Untracked 
|  28|0x0000000083600000, 0x0000000083700000, 0x0000000083700000|100%| O|  |TAMS 0x0000000083600000, 0x0000000083700000| Untracked 
|  29|0x0000000083700000, 0x0000000083800000, 0x0000000083800000|100%| O|  |TAMS 0x0000000083700000, 0x0000000083800000| Untracked 
|  30|0x0000000083800000, 0x0000000083900000, 0x0000000083900000|100%| O|  |TAMS 0x0000000083800000, 0x0000000083900000| Untracked 
|  31|0x0000000083900000, 0x0000000083a00000, 0x0000000083a00000|100%| O|  |TAMS 0x0000000083900000, 0x0000000083a00000| Untracked 
|  32|0x0000000083a00000, 0x0000000083b00000, 0x0000000083b00000|100%| O|  |TAMS 0x0000000083a00000, 0x0000000083b00000| Untracked 
|  33|0x0000000083b00000, 0x0000000083c00000, 0x0000000083c00000|100%| O|  |TAMS 0x0000000083b00000, 0x0000000083c00000| Untracked 
|  34|0x0000000083c00000, 0x0000000083ccc800, 0x0000000083d00000| 79%| O|  |TAMS 0x0000000083c00000, 0x0000000083ccc800| Untracked 
|  35|0x0000000083d00000, 0x0000000083d00000, 0x0000000083e00000|  0%| F|  |TAMS 0x0000000083d00000, 0x0000000083d00000| Untracked 
|  36|0x0000000083e00000, 0x0000000083e00000, 0x0000000083f00000|  0%| F|  |TAMS 0x0000000083e00000, 0x0000000083e00000| Untracked 
|  37|0x0000000083f00000, 0x0000000083f00000, 0x0000000084000000|  0%| F|  |TAMS 0x0000000083f00000, 0x0000000083f00000| Untracked 
|  38|0x0000000084000000, 0x0000000084000000, 0x0000000084100000|  0%| F|  |TAMS 0x0000000084000000, 0x0000000084000000| Untracked 
|  39|0x0000000084100000, 0x0000000084100000, 0x0000000084200000|  0%| F|  |TAMS 0x0000000084100000, 0x0000000084100000| Untracked 
|  40|0x0000000084200000, 0x0000000084200000, 0x0000000084300000|  0%| F|  |TAMS 0x0000000084200000, 0x0000000084200000| Untracked 
|  41|0x0000000084300000, 0x0000000084300000, 0x0000000084400000|  0%| F|  |TAMS 0x0000000084300000, 0x0000000084300000| Untracked 
|  42|0x0000000084400000, 0x0000000084400000, 0x0000000084500000|  0%| F|  |TAMS 0x0000000084400000, 0x0000000084400000| Untracked 
|  43|0x0000000084500000, 0x0000000084500000, 0x0000000084600000|  0%| F|  |TAMS 0x0000000084500000, 0x0000000084500000| Untracked 
|  44|0x0000000084600000, 0x0000000084600000, 0x0000000084700000|  0%| F|  |TAMS 0x0000000084600000, 0x0000000084600000| Untracked 
|  45|0x0000000084700000, 0x0000000084700000, 0x0000000084800000|  0%| F|  |TAMS 0x0000000084700000, 0x0000000084700000| Untracked 
|  46|0x0000000084800000, 0x0000000084800000, 0x0000000084900000|  0%| F|  |TAMS 0x0000000084800000, 0x0000000084800000| Untracked 
|  47|0x0000000084900000, 0x0000000084900000, 0x0000000084a00000|  0%| F|  |TAMS 0x0000000084900000, 0x0000000084900000| Untracked 
|  48|0x0000000084a00000, 0x0000000084a00000, 0x0000000084b00000|  0%| F|  |TAMS 0x0000000084a00000, 0x0000000084a00000| Untracked 
|  49|0x0000000084b00000, 0x0000000084b00000, 0x0000000084c00000|  0%| F|  |TAMS 0x0000000084b00000, 0x0000000084b00000| Untracked 
|  50|0x0000000084c00000, 0x0000000084c00000, 0x0000000084d00000|  0%| F|  |TAMS 0x0000000084c00000, 0x0000000084c00000| Untracked 
|  51|0x0000000084d00000, 0x0000000084d00000, 0x0000000084e00000|  0%| F|  |TAMS 0x0000000084d00000, 0x0000000084d00000| Untracked 
|  52|0x0000000084e00000, 0x0000000084e00000, 0x0000000084f00000|  0%| F|  |TAMS 0x0000000084e00000, 0x0000000084e00000| Untracked 
|  53|0x0000000084f00000, 0x0000000084f00000, 0x0000000085000000|  0%| F|  |TAMS 0x0000000084f00000, 0x0000000084f00000| Untracked 
|  54|0x0000000085000000, 0x0000000085000000, 0x0000000085100000|  0%| F|  |TAMS 0x0000000085000000, 0x0000000085000000| Untracked 
|  55|0x0000000085100000, 0x0000000085100000, 0x0000000085200000|  0%| F|  |TAMS 0x0000000085100000, 0x0000000085100000| Untracked 
|  56|0x0000000085200000, 0x0000000085200000, 0x0000000085300000|  0%| F|  |TAMS 0x0000000085200000, 0x0000000085200000| Untracked 
|  57|0x0000000085300000, 0x0000000085300000, 0x0000000085400000|  0%| F|  |TAMS 0x0000000085300000, 0x0000000085300000| Untracked 
|  58|0x0000000085400000, 0x0000000085400000, 0x0000000085500000|  0%| F|  |TAMS 0x0000000085400000, 0x0000000085400000| Untracked 
|  59|0x0000000085500000, 0x0000000085500000, 0x0000000085600000|  0%| F|  |TAMS 0x0000000085500000, 0x0000000085500000| Untracked 
|  60|0x0000000085600000, 0x0000000085600000, 0x0000000085700000|  0%| F|  |TAMS 0x0000000085600000, 0x0000000085600000| Untracked 
|  61|0x0000000085700000, 0x0000000085700000, 0x0000000085800000|  0%| F|  |TAMS 0x0000000085700000, 0x0000000085700000| Untracked 
|  62|0x0000000085800000, 0x0000000085800000, 0x0000000085900000|  0%| F|  |TAMS 0x0000000085800000, 0x0000000085800000| Untracked 
|  63|0x0000000085900000, 0x0000000085900000, 0x0000000085a00000|  0%| F|  |TAMS 0x0000000085900000, 0x0000000085900000| Untracked 
|  64|0x0000000085a00000, 0x0000000085a00000, 0x0000000085b00000|  0%| F|  |TAMS 0x0000000085a00000, 0x0000000085a00000| Untracked 
|  65|0x0000000085b00000, 0x0000000085b00000, 0x0000000085c00000|  0%| F|  |TAMS 0x0000000085b00000, 0x0000000085b00000| Untracked 
|  66|0x0000000085c00000, 0x0000000085c00000, 0x0000000085d00000|  0%| F|  |TAMS 0x0000000085c00000, 0x0000000085c00000| Untracked 
|  67|0x0000000085d00000, 0x0000000085d00000, 0x0000000085e00000|  0%| F|  |TAMS 0x0000000085d00000, 0x0000000085d00000| Untracked 
|  68|0x0000000085e00000, 0x0000000085e00000, 0x0000000085f00000|  0%| F|  |TAMS 0x0000000085e00000, 0x0000000085e00000| Untracked 
|  69|0x0000000085f00000, 0x0000000085f00000, 0x0000000086000000|  0%| F|  |TAMS 0x0000000085f00000, 0x0000000085f00000| Untracked 
|  70|0x0000000086000000, 0x0000000086000000, 0x0000000086100000|  0%| F|  |TAMS 0x0000000086000000, 0x0000000086000000| Untracked 
|  71|0x0000000086100000, 0x0000000086100000, 0x0000000086200000|  0%| F|  |TAMS 0x0000000086100000, 0x0000000086100000| Untracked 
|  72|0x0000000086200000, 0x0000000086200000, 0x0000000086300000|  0%| F|  |TAMS 0x0000000086200000, 0x0000000086200000| Untracked 
|  73|0x0000000086300000, 0x0000000086300000, 0x0000000086400000|  0%| F|  |TAMS 0x0000000086300000, 0x0000000086300000| Untracked 
|  74|0x0000000086400000, 0x0000000086400000, 0x0000000086500000|  0%| F|  |TAMS 0x0000000086400000, 0x0000000086400000| Untracked 
|  75|0x0000000086500000, 0x0000000086500000, 0x0000000086600000|  0%| F|  |TAMS 0x0000000086500000, 0x0000000086500000| Untracked 
|  76|0x0000000086600000, 0x0000000086600000, 0x0000000086700000|  0%| F|  |TAMS 0x0000000086600000, 0x0000000086600000| Untracked 
|  77|0x0000000086700000, 0x0000000086700000, 0x0000000086800000|  0%| F|  |TAMS 0x0000000086700000, 0x0000000086700000| Untracked 
|  78|0x0000000086800000, 0x0000000086800000, 0x0000000086900000|  0%| F|  |TAMS 0x0000000086800000, 0x0000000086800000| Untracked 
|  79|0x0000000086900000, 0x0000000086900000, 0x0000000086a00000|  0%| F|  |TAMS 0x0000000086900000, 0x0000000086900000| Untracked 
|  80|0x0000000086a00000, 0x0000000086a00000, 0x0000000086b00000|  0%| F|  |TAMS 0x0000000086a00000, 0x0000000086a00000| Untracked 
|  81|0x0000000086b00000, 0x0000000086b00000, 0x0000000086c00000|  0%| F|  |TAMS 0x0000000086b00000, 0x0000000086b00000| Untracked 
|  82|0x0000000086c00000, 0x0000000086c00000, 0x0000000086d00000|  0%| F|  |TAMS 0x0000000086c00000, 0x0000000086c00000| Untracked 
|  83|0x0000000086d00000, 0x0000000086d00000, 0x0000000086e00000|  0%| F|  |TAMS 0x0000000086d00000, 0x0000000086d00000| Untracked 
|  84|0x0000000086e00000, 0x0000000086e00000, 0x0000000086f00000|  0%| F|  |TAMS 0x0000000086e00000, 0x0000000086e00000| Untracked 
|  85|0x0000000086f00000, 0x0000000086f00000, 0x0000000087000000|  0%| F|  |TAMS 0x0000000086f00000, 0x0000000086f00000| Untracked 
|  86|0x0000000087000000, 0x0000000087000000, 0x0000000087100000|  0%| F|  |TAMS 0x0000000087000000, 0x0000000087000000| Untracked 
|  87|0x0000000087100000, 0x0000000087100000, 0x0000000087200000|  0%| F|  |TAMS 0x0000000087100000, 0x0000000087100000| Untracked 
|  88|0x0000000087200000, 0x0000000087200000, 0x0000000087300000|  0%| F|  |TAMS 0x0000000087200000, 0x0000000087200000| Untracked 
|  89|0x0000000087300000, 0x0000000087300000, 0x0000000087400000|  0%| F|  |TAMS 0x0000000087300000, 0x0000000087300000| Untracked 
|  90|0x0000000087400000, 0x0000000087400000, 0x0000000087500000|  0%| F|  |TAMS 0x0000000087400000, 0x0000000087400000| Untracked 
|  91|0x0000000087500000, 0x0000000087500000, 0x0000000087600000|  0%| F|  |TAMS 0x0000000087500000, 0x0000000087500000| Untracked 
|  92|0x0000000087600000, 0x0000000087600000, 0x0000000087700000|  0%| F|  |TAMS 0x0000000087600000, 0x0000000087600000| Untracked 
|  93|0x0000000087700000, 0x0000000087700000, 0x0000000087800000|  0%| F|  |TAMS 0x0000000087700000, 0x0000000087700000| Untracked 
|  94|0x0000000087800000, 0x0000000087800000, 0x0000000087900000|  0%| F|  |TAMS 0x0000000087800000, 0x0000000087800000| Untracked 
|  95|0x0000000087900000, 0x0000000087900000, 0x0000000087a00000|  0%| F|  |TAMS 0x0000000087900000, 0x0000000087900000| Untracked 
|  96|0x0000000087a00000, 0x0000000087a00000, 0x0000000087b00000|  0%| F|  |TAMS 0x0000000087a00000, 0x0000000087a00000| Untracked 
|  97|0x0000000087b00000, 0x0000000087b00000, 0x0000000087c00000|  0%| F|  |TAMS 0x0000000087b00000, 0x0000000087b00000| Untracked 
|  98|0x0000000087c00000, 0x0000000087c00000, 0x0000000087d00000|  0%| F|  |TAMS 0x0000000087c00000, 0x0000000087c00000| Untracked 
|  99|0x0000000087d00000, 0x0000000087d00000, 0x0000000087e00000|  0%| F|  |TAMS 0x0000000087d00000, 0x0000000087d00000| Untracked 
| 100|0x0000000087e00000, 0x0000000087e00000, 0x0000000087f00000|  0%| F|  |TAMS 0x0000000087e00000, 0x0000000087e00000| Untracked 
| 101|0x0000000087f00000, 0x0000000087f00000, 0x0000000088000000|  0%| F|  |TAMS 0x0000000087f00000, 0x0000000087f00000| Untracked 
| 102|0x0000000088000000, 0x0000000088000000, 0x0000000088100000|  0%| F|  |TAMS 0x0000000088000000, 0x0000000088000000| Untracked 
| 103|0x0000000088100000, 0x0000000088100000, 0x0000000088200000|  0%| F|  |TAMS 0x0000000088100000, 0x0000000088100000| Untracked 
| 104|0x0000000088200000, 0x0000000088200000, 0x0000000088300000|  0%| F|  |TAMS 0x0000000088200000, 0x0000000088200000| Untracked 
| 105|0x0000000088300000, 0x0000000088300000, 0x0000000088400000|  0%| F|  |TAMS 0x0000000088300000, 0x0000000088300000| Untracked 
| 106|0x0000000088400000, 0x0000000088400000, 0x0000000088500000|  0%| F|  |TAMS 0x0000000088400000, 0x0000000088400000| Untracked 
| 107|0x0000000088500000, 0x0000000088500000, 0x0000000088600000|  0%| F|  |TAMS 0x0000000088500000, 0x0000000088500000| Untracked 
| 108|0x0000000088600000, 0x0000000088600000, 0x0000000088700000|  0%| F|  |TAMS 0x0000000088600000, 0x0000000088600000| Untracked 
| 109|0x0000000088700000, 0x0000000088700000, 0x0000000088800000|  0%| F|  |TAMS 0x0000000088700000, 0x0000000088700000| Untracked 
| 110|0x0000000088800000, 0x0000000088800000, 0x0000000088900000|  0%| F|  |TAMS 0x0000000088800000, 0x0000000088800000| Untracked 
| 111|0x0000000088900000, 0x0000000088900000, 0x0000000088a00000|  0%| F|  |TAMS 0x0000000088900000, 0x0000000088900000| Untracked 
| 112|0x0000000088a00000, 0x0000000088a00000, 0x0000000088b00000|  0%| F|  |TAMS 0x0000000088a00000, 0x0000000088a00000| Untracked 
| 113|0x0000000088b00000, 0x0000000088b00000, 0x0000000088c00000|  0%| F|  |TAMS 0x0000000088b00000, 0x0000000088b00000| Untracked 
| 114|0x0000000088c00000, 0x0000000088c00000, 0x0000000088d00000|  0%| F|  |TAMS 0x0000000088c00000, 0x0000000088c00000| Untracked 
| 115|0x0000000088d00000, 0x0000000088d00000, 0x0000000088e00000|  0%| F|  |TAMS 0x0000000088d00000, 0x0000000088d00000| Untracked 
| 116|0x0000000088e00000, 0x0000000088e00000, 0x0000000088f00000|  0%| F|  |TAMS 0x0000000088e00000, 0x0000000088e00000| Untracked 
| 117|0x0000000088f00000, 0x0000000088f00000, 0x0000000089000000|  0%| F|  |TAMS 0x0000000088f00000, 0x0000000088f00000| Untracked 
| 118|0x0000000089000000, 0x0000000089000000, 0x0000000089100000|  0%| F|  |TAMS 0x0000000089000000, 0x0000000089000000| Untracked 
| 119|0x0000000089100000, 0x0000000089100000, 0x0000000089200000|  0%| F|  |TAMS 0x0000000089100000, 0x0000000089100000| Untracked 
| 120|0x0000000089200000, 0x0000000089266ed8, 0x0000000089300000| 40%| S|CS|TAMS 0x0000000089200000, 0x0000000089200000| Complete 
| 121|0x0000000089300000, 0x0000000089400000, 0x0000000089400000|100%| S|CS|TAMS 0x0000000089300000, 0x0000000089300000| Complete 
| 122|0x0000000089400000, 0x0000000089500000, 0x0000000089500000|100%| S|CS|TAMS 0x0000000089400000, 0x0000000089400000| Complete 
| 123|0x0000000089500000, 0x0000000089600000, 0x0000000089600000|100%| S|CS|TAMS 0x0000000089500000, 0x0000000089500000| Complete 
| 124|0x0000000089600000, 0x0000000089700000, 0x0000000089700000|100%| S|CS|TAMS 0x0000000089600000, 0x0000000089600000| Complete 
| 125|0x0000000089700000, 0x0000000089700000, 0x0000000089800000|  0%| F|  |TAMS 0x0000000089700000, 0x0000000089700000| Untracked 
| 126|0x0000000089800000, 0x0000000089800000, 0x0000000089900000|  0%| F|  |TAMS 0x0000000089800000, 0x0000000089800000| Untracked 
| 127|0x0000000089900000, 0x0000000089900000, 0x0000000089a00000|  0%| F|  |TAMS 0x0000000089900000, 0x0000000089900000| Untracked 

Card table byte_map: [0x0000020172f50000,0x0000020173350000] _byte_map_base: 0x0000020172b43000

Marking Bits (Prev, Next): (CMBitMap*) 0x0000020168789678, (CMBitMap*) 0x00000201687896b0
 Prev Bits: [0x0000020173750000, 0x00000201756e8000)
 Next Bits: [0x00000201756f0000, 0x0000020177688000)

Polling page: 0x0000020168490000

Metaspace:

Usage:
  Non-class:     46.17 MB capacity,    45.08 MB ( 98%) used,   898.10 KB (  2%) free+waste,   213.75 KB ( <1%) overhead. 
      Class:      7.48 MB capacity,     6.72 MB ( 90%) used,   665.09 KB (  9%) free+waste,   106.75 KB (  1%) overhead. 
       Both:     53.65 MB capacity,    51.81 MB ( 97%) used,     1.53 MB (  3%) free+waste,   320.50 KB ( <1%) overhead. 

Virtual space:
  Non-class space:       60.00 MB reserved,      46.17 MB ( 77%) committed 
      Class space:        1.00 GB reserved,       7.50 MB ( <1%) committed 
             Both:        1.06 GB reserved,      53.67 MB (  5%) committed 

Chunk freelists:
   Non-Class:  384 bytes
       Class:  2.88 KB
        Both:  3.25 KB

CodeHeap 'non-profiled nmethods': size=238912Kb used=10334Kb max_used=10334Kb free=228577Kb
 bounds [0x00000201006b0000, 0x00000201010d0000, 0x000002010f000000]
CodeHeap 'non-nmethods': size=6848Kb used=2323Kb max_used=2323Kb free=4524Kb
 bounds [0x0000020100000000, 0x00000201002d0000, 0x00000201006b0000]
 total_blobs=6563 nmethods=5950 adapters=475
 compilation: enabled
              stopped_count=0, restarted_count=0
 full_count=0

Compilation events (10 events):
Event: 22.357 Thread 0x000002017a54e000 5991       1       com.fasterxml.jackson.databind.module.SimpleModule::addDeserializer (43 bytes)
Event: 22.357 Thread 0x000002017bc54800 5992       1       com.fasterxml.jackson.databind.module.SimpleDeserializers::addDeserializer (49 bytes)
Event: 22.358 Thread 0x000002017bc54800 nmethod 5992 0x00000201010c3590 code [0x00000201010c3780, 0x00000201010c3bd0]
Event: 22.358 Thread 0x000002017a54e000 nmethod 5991 0x00000201010c3d90 code [0x00000201010c4060, 0x00000201010c4c90]
Event: 22.359 Thread 0x000002017ae15800 5993       1       com.fasterxml.jackson.databind.module.SimpleModule::addSerializer (43 bytes)
Event: 22.360 Thread 0x000002017bc54800 5994       1       com.fasterxml.jackson.databind.module.SimpleModule::addKeyDeserializer (44 bytes)
Event: 22.360 Thread 0x000002017a54e000 5995       1       com.fasterxml.jackson.databind.module.SimpleKeyDeserializers::addDeserializer (37 bytes)
Event: 22.360 Thread 0x000002017a54e000 nmethod 5995 0x00000201010c5190 code [0x00000201010c5380, 0x00000201010c57b0]
Event: 22.361 Thread 0x000002017ae15800 nmethod 5993 0x00000201010c5990 code [0x00000201010c5c60, 0x00000201010c6890]
Event: 22.361 Thread 0x000002017bc54800 nmethod 5994 0x00000201010c6e10 code [0x00000201010c70e0, 0x00000201010c7d10]

GC Heap History (10 events):
Event: 16.963 GC heap before
{Heap before GC invocations=12 (full 0):
 garbage-first heap   total 131072K, used 93444K [0x0000000081a00000, 0x0000000100000000)
  region size 1024K, 76 young (77824K), 10 survivors (10240K)
 Metaspace       used 40891K, capacity 42215K, committed 42416K, reserved 1085440K
  class space    used 5080K, capacity 5614K, committed 5632K, reserved 1048576K
}
Event: 16.978 GC heap after
{Heap after GC invocations=13 (full 0):
 garbage-first heap   total 131072K, used 27213K [0x0000000081a00000, 0x0000000100000000)
  region size 1024K, 2 young (2048K), 2 survivors (2048K)
 Metaspace       used 40891K, capacity 42215K, committed 42416K, reserved 1085440K
  class space    used 5080K, capacity 5614K, committed 5632K, reserved 1048576K
}
Event: 18.552 GC heap before
{Heap before GC invocations=13 (full 0):
 garbage-first heap   total 131072K, used 101965K [0x0000000081a00000, 0x0000000100000000)
  region size 1024K, 75 young (76800K), 2 survivors (2048K)
 Metaspace       used 43661K, capacity 45252K, committed 45360K, reserved 1089536K
  class space    used 5552K, capacity 6179K, committed 6272K, reserved 1048576K
}
Event: 18.562 GC heap after
{Heap after GC invocations=14 (full 0):
 garbage-first heap   total 131072K, used 30913K [0x0000000081a00000, 0x0000000100000000)
  region size 1024K, 6 young (6144K), 6 survivors (6144K)
 Metaspace       used 43661K, capacity 45252K, committed 45360K, reserved 1089536K
  class space    used 5552K, capacity 6179K, committed 6272K, reserved 1048576K
}
Event: 21.273 GC heap before
{Heap before GC invocations=14 (full 0):
 garbage-first heap   total 131072K, used 102593K [0x0000000081a00000, 0x0000000100000000)
  region size 1024K, 76 young (77824K), 6 survivors (6144K)
 Metaspace       used 49674K, capacity 51543K, committed 51632K, reserved 1093632K
  class space    used 6392K, capacity 7127K, committed 7168K, reserved 1048576K
}
Event: 21.288 GC heap after
{Heap after GC invocations=15 (full 0):
 garbage-first heap   total 131072K, used 35816K [0x0000000081a00000, 0x0000000100000000)
  region size 1024K, 9 young (9216K), 9 survivors (9216K)
 Metaspace       used 49674K, capacity 51543K, committed 51632K, reserved 1093632K
  class space    used 6392K, capacity 7127K, committed 7168K, reserved 1048576K
}
Event: 22.378 GC heap before
{Heap before GC invocations=15 (full 0):
 garbage-first heap   total 131072K, used 104424K [0x0000000081a00000, 0x0000000100000000)
  region size 1024K, 76 young (77824K), 9 survivors (9216K)
 Metaspace       used 52875K, capacity 54774K, committed 54960K, reserved 1101824K
  class space    used 6851K, capacity 7625K, committed 7680K, reserved 1048576K
}
Event: 22.414 GC heap after
{Heap after GC invocations=16 (full 0):
 garbage-first heap   total 131072K, used 39591K [0x0000000081a00000, 0x0000000100000000)
  region size 1024K, 9 young (9216K), 9 survivors (9216K)
 Metaspace       used 52875K, capacity 54774K, committed 54960K, reserved 1101824K
  class space    used 6851K, capacity 7625K, committed 7680K, reserved 1048576K
}
Event: 22.462 GC heap before
{Heap before GC invocations=16 (full 0):
 garbage-first heap   total 131072K, used 41639K [0x0000000081a00000, 0x0000000100000000)
  region size 1024K, 12 young (12288K), 9 survivors (9216K)
 Metaspace       used 53050K, capacity 54934K, committed 54960K, reserved 1107968K
  class space    used 6885K, capacity 7657K, committed 7680K, reserved 1048576K
}
Event: 22.493 GC heap after
{Heap after GC invocations=17 (full 0):
 garbage-first heap   total 131072K, used 40141K [0x0000000081a00000, 0x0000000100000000)
  region size 1024K, 5 young (5120K), 5 survivors (5120K)
 Metaspace       used 53050K, capacity 54934K, committed 54960K, reserved 1107968K
  class space    used 6885K, capacity 7657K, committed 7680K, reserved 1048576K
}

Deoptimization events (0 events):
No events

Classes redefined (0 events):
No events

Internal exceptions (10 events):
Event: 22.328 Thread 0x000002017ba08000 Exception <a 'java/lang/ClassNotFoundException'{0x000000008599c968}: org/springframework/http/converter/json/AbstractJackson2HttpMessageConverterCustomizer> (0x000000008599c968) thrown at [t:/workspace/open/src/hotspot/share/classfile/systemDictionary.cpp
Event: 22.330 Thread 0x000002017ba08000 Exception <a 'java/lang/ClassNotFoundException'{0x00000000859c1c90}: org/springframework/http/converter/json/MappingJackson2HttpMessageConverterCustomizer> (0x00000000859c1c90) thrown at [t:/workspace/open/src/hotspot/share/classfile/systemDictionary.cpp,
Event: 22.331 Thread 0x000002017ba08000 Exception <a 'java/lang/ClassNotFoundException'{0x00000000859e1668}: org/springframework/data/rest/webmvc/alps/AlpsJsonHttpMessageConverterCustomizer> (0x00000000859e1668) thrown at [t:/workspace/open/src/hotspot/share/classfile/systemDictionary.cpp, line
Event: 22.334 Thread 0x000002017ba08000 Exception <a 'java/lang/ClassNotFoundException'{0x000000008580f958}: org/springframework/web/servlet/mvc/method/annotation/ResponseBodyAdviceCustomizer> (0x000000008580f958) thrown at [t:/workspace/open/src/hotspot/share/classfile/systemDictionary.cpp, li
Event: 22.337 Thread 0x000002017ba08000 Exception <a 'java/lang/ClassNotFoundException'{0x000000008582ec40}: org/springframework/http/converter/GenericHttpMessageConverterCustomizer> (0x000000008582ec40) thrown at [t:/workspace/open/src/hotspot/share/classfile/systemDictionary.cpp, line 231]
Event: 22.338 Thread 0x000002017ba08000 Exception <a 'java/lang/ClassNotFoundException'{0x000000008584a528}: org/springframework/http/converter/HttpMessageConverterCustomizer> (0x000000008584a528) thrown at [t:/workspace/open/src/hotspot/share/classfile/systemDictionary.cpp, line 231]
Event: 22.339 Thread 0x000002017ba08000 Exception <a 'java/lang/ClassNotFoundException'{0x0000000085866d50}: org/springframework/http/converter/HttpMessageConverterCustomizer> (0x0000000085866d50) thrown at [t:/workspace/open/src/hotspot/share/classfile/systemDictionary.cpp, line 231]
Event: 22.364 Thread 0x000002017ba08000 Exception <a 'java/lang/ClassNotFoundException'{0x0000000085762448}: java/lang/ObjectCustomizer> (0x0000000085762448) thrown at [t:/workspace/open/src/hotspot/share/classfile/systemDictionary.cpp, line 231]
Event: 22.365 Thread 0x000002017ba08000 Exception <a 'java/lang/ClassNotFoundException'{0x00000000857811e0}: org/springframework/boot/autoconfigure/http/HttpMessageConvertersCustomizer> (0x00000000857811e0) thrown at [t:/workspace/open/src/hotspot/share/classfile/systemDictionary.cpp, line 231]
Event: 22.366 Thread 0x000002017ba08000 Exception <a 'java/lang/ClassNotFoundException'{0x0000000085789738}: java/lang/IterableCustomizer> (0x0000000085789738) thrown at [t:/workspace/open/src/hotspot/share/classfile/systemDictionary.cpp, line 231]

Events (10 events):
Event: 22.454 loading class net/minidev/json/JStylerObj$MPTrue done
Event: 22.455 loading class net/minidev/json/JStylerObj$MPAgressive
Event: 22.455 loading class net/minidev/json/JStylerObj$MPAgressive done
Event: 22.456 loading class net/minidev/json/JStylerObj$EscapeLT
Event: 22.456 loading class net/minidev/json/JStylerObj$EscapeLT done
Event: 22.457 loading class net/minidev/json/JStylerObj$StringProtector
Event: 22.457 loading class net/minidev/json/JStylerObj$StringProtector done
Event: 22.460 loading class net/minidev/json/JStylerObj$Escape4Web
Event: 22.460 loading class net/minidev/json/JStylerObj$Escape4Web done
Event: 22.461 Executing VM operation: CollectForMetadataAllocation


Dynamic libraries:
0x00007ff7d7920000 - 0x00007ff7d7965000 	D:\Programs\Java11\bin\javaw.exe
0x00000201684e0000 - 0x00000201686cd000 	C:\windows\SYSTEM32\ntd1l.dll
0x00000201683c0000 - 0x0000020168473000 	C:\windows\System32\kern3l32.dll
0x00007ffcac860000 - 0x00007ffcaca4d000 	C:\windows\SYSTEM32\ntdll.dll
0x00007ffca9a80000 - 0x00007ffca9b33000 	C:\windows\System32\KERNEL32.DLL
0x00007ffca8d60000 - 0x00007ffca8ff3000 	C:\windows\System32\KERNELBASE.dll
0x00007ffca84c0000 - 0x00007ffca8652000 	C:\Program Files\SentinelOne\Sentinel Agent 3.7.3.53\InProcessClient64.dll
0x00007ffcab0c0000 - 0x00007ffcab163000 	C:\windows\System32\ADVAPI32.dll
0x00007ffcac790000 - 0x00007ffcac82e000 	C:\windows\System32\msvcrt.dll
0x00007ffcabfe0000 - 0x00007ffcac07e000 	C:\windows\System32\sechost.dll
0x00007ffcac660000 - 0x00007ffcac782000 	C:\windows\System32\RPCRT4.dll
0x00007ffcac080000 - 0x00007ffcac217000 	C:\windows\System32\USER32.dll
0x00007ffca9a30000 - 0x00007ffca9a50000 	C:\windows\System32\win32u.dll
0x00007ffcab170000 - 0x00007ffcab199000 	C:\windows\System32\GDI32.dll
0x00007ffca8920000 - 0x00007ffca8ab9000 	C:\windows\System32\gdi32full.dll
0x00007ffca8bc0000 - 0x00007ffca8c60000 	C:\windows\System32\msvcp_win.dll
0x00007ffca9930000 - 0x00007ffca9a2a000 	C:\windows\System32\ucrtbase.dll
0x00007ffc9a620000 - 0x00007ffc9a899000 	C:\windows\WinSxS\amd64_microsoft.windows.common-controls_6595b64144ccf1df_6.0.17763.973_none_05b245900721eb81\COMCTL32.dll
0x00007ffcab730000 - 0x00007ffcaba5c000 	C:\windows\System32\combase.dll
0x00007ffca8cc0000 - 0x00007ffca8d3e000 	C:\windows\System32\bcryptPrimitives.dll
0x00007ffcaba60000 - 0x00007ffcaba8e000 	C:\windows\System32\IMM32.DLL
0x00007ffca8090000 - 0x00007ffca80cc000 	C:\windows\system32\SophosAV\SOPHOS~1.DLL
0x00007ffcabf20000 - 0x00007ffcabf28000 	C:\windows\System32\PSAPI.DLL
0x00007ffca8440000 - 0x00007ffca844a000 	C:\windows\SYSTEM32\VERSION.dll
0x00007ffc9d4d0000 - 0x00007ffc9d4e6000 	D:\Programs\Java11\bin\vcruntime140.dll
0x00007ffc80920000 - 0x00007ffc809ca000 	D:\Programs\Java11\bin\msvcp140.dll
0x00007ffc50400000 - 0x00007ffc50f23000 	D:\Programs\Java11\bin\server\jvm.dll
0x00007ffc958b0000 - 0x00007ffc958b9000 	C:\windows\SYSTEM32\WSOCK32.dll
0x00007ffcab3e0000 - 0x00007ffcab44d000 	C:\windows\System32\WS2_32.dll
0x00007ffca6250000 - 0x00007ffca6274000 	C:\windows\SYSTEM32\WINMM.dll
0x00007ffca5f40000 - 0x00007ffca5f6d000 	C:\windows\SYSTEM32\WINMMBASE.dll
0x00007ffca8b70000 - 0x00007ffca8bba000 	C:\windows\System32\cfgmgr32.dll
0x00007ffca8850000 - 0x00007ffca8861000 	C:\windows\System32\kernel.appcore.dll
0x00007ffc99fe0000 - 0x00007ffc99ff1000 	D:\Programs\Java11\bin\verify.dll
0x00007ffca6fc0000 - 0x00007ffca71ad000 	C:\windows\SYSTEM32\DBGHELP.DLL
0x00007ffc903d0000 - 0x00007ffc903fa000 	C:\windows\SYSTEM32\dbgcore.DLL
0x00007ffc99c20000 - 0x00007ffc99c48000 	D:\Programs\Java11\bin\java.dll
0x00007ffc99b10000 - 0x00007ffc99b26000 	D:\Programs\Java11\bin\zip.dll
0x00007ffca0460000 - 0x00007ffca046a000 	D:\Programs\Java11\bin\jimage.dll
0x00007ffca9bc0000 - 0x00007ffcab0b4000 	C:\windows\System32\SHELL32.dll
0x00007ffcab620000 - 0x00007ffcab6c8000 	C:\windows\System32\shcore.dll
0x00007ffca91e0000 - 0x00007ffca992d000 	C:\windows\System32\windows.storage.dll
0x00007ffca88f0000 - 0x00007ffca8914000 	C:\windows\System32\profapi.dll
0x00007ffca8870000 - 0x00007ffca88cd000 	C:\windows\System32\powrprof.dll
0x00007ffcab6d0000 - 0x00007ffcab722000 	C:\windows\System32\shlwapi.dll
0x00007ffca8d40000 - 0x00007ffca8d57000 	C:\windows\System32\cryptsp.dll
0x00007ffc98820000 - 0x00007ffc98839000 	D:\Programs\Java11\bin\net.dll
0x00007ffca0fc0000 - 0x00007ffca10b2000 	C:\windows\SYSTEM32\WINHTTP.dll
0x00007ffc9e9b0000 - 0x00007ffc9eb87000 	C:\windows\SYSTEM32\urlmon.dll
0x00007ffc9ede0000 - 0x00007ffc9f088000 	C:\windows\SYSTEM32\iertutil.dll
0x00007ffca7fa0000 - 0x00007ffca7fac000 	C:\windows\SYSTEM32\CRYPTBASE.DLL
0x00007ffca7e20000 - 0x00007ffca7e87000 	C:\windows\system32\mswsock.dll
0x00007ffc97fb0000 - 0x00007ffc97fc3000 	D:\Programs\Java11\bin\nio.dll
0x00007ffca45b0000 - 0x00007ffca45b9000 	D:\Programs\Java11\bin\management.dll
0x00007ffc9fc50000 - 0x00007ffc9fc5c000 	D:\Programs\Java11\bin\management_ext.dll
0x00007ffc8d160000 - 0x00007ffc8d176000 	C:\windows\system32\napinsp.dll
0x00007ffc8d140000 - 0x00007ffc8d15a000 	C:\windows\system32\pnrpnsp.dll
0x00007ffca7ba0000 - 0x00007ffca7c66000 	C:\windows\SYSTEM32\DNSAPI.dll
0x00007ffcab1a0000 - 0x00007ffcab1a8000 	C:\windows\System32\NSI.dll
0x00007ffca7b50000 - 0x00007ffca7b8d000 	C:\windows\SYSTEM32\IPHLPAPI.DLL
0x00007ffc8ea90000 - 0x00007ffc8ea9e000 	C:\windows\System32\winrnr.dll
0x00007ffca4450000 - 0x00007ffca446b000 	C:\windows\system32\NLAapi.dll
0x00007ffc8d120000 - 0x00007ffc8d135000 	C:\windows\system32\wshbth.dll
0x00007ffc97f20000 - 0x00007ffc97f2a000 	C:\Windows\System32\rasadhlp.dll
0x00007ffca0810000 - 0x00007ffca0889000 	C:\windows\System32\fwpuclnt.dll
0x00007ffca9a50000 - 0x00007ffca9a76000 	C:\windows\System32\bcrypt.dll
0x00007ffca79b0000 - 0x00007ffca79e3000 	C:\windows\system32\rsaenh.dll
0x00007ffca8780000 - 0x00007ffca87a8000 	C:\windows\SYSTEM32\USERENV.dll
0x00007ffca0a40000 - 0x00007ffca0a56000 	C:\windows\SYSTEM32\dhcpcsvc6.DLL
0x00007ffca0230000 - 0x00007ffca024c000 	C:\windows\SYSTEM32\dhcpcsvc.DLL
0x00007ffc9bde0000 - 0x00007ffc9be07000 	D:\Programs\Java11\bin\sunec.dll
0x00007ffca0e70000 - 0x00007ffca0e7d000 	D:\Programs\Java11\bin\sunmscapi.dll
0x00007ffca9000000 - 0x00007ffca91dc000 	C:\windows\System32\CRYPT32.dll
0x00007ffca88d0000 - 0x00007ffca88e2000 	C:\windows\System32\MSASN1.dll
0x00007ffca8140000 - 0x00007ffca8166000 	C:\windows\SYSTEM32\ncrypt.dll
0x00007ffca8100000 - 0x00007ffca813c000 	C:\windows\SYSTEM32\NTASN1.dll

dbghelp: loaded successfully - version: 4.0.5 - missing functions: none
symbol engine: initialized successfully - sym options: 0x614 - pdb path: .;D:\Programs\Java11\bin;C:\windows\SYSTEM32;C:\Program Files\SentinelOne\Sentinel Agent 3.7.3.53;C:\windows\WinSxS\amd64_microsoft.windows.common-controls_6595b64144ccf1df_6.0.17763.973_none_05b245900721eb81;C:\windows\system32\SophosAV;D:\Programs\Java11\bin\server

VM Arguments:
jvm_args: -Dcom.sun.management.jmxremote -Dcom.sun.management.jmxremote.port=58982 -Dcom.sun.management.jmxremote.authenticate=false -Dcom.sun.management.jmxremote.ssl=false -Djava.rmi.server.hostname=localhost -Dspring.jmx.enabled=true -Dspring.application.admin.enabled=true -Xverify:none -XX:TieredStopAtLevel=1 -Dspring.boot.project.name=securite-service -Dfile.encoding=UTF-8 
java_command: fr.u.picardie.m2.d605.security.SecuriteServiceApplication --spring.output.ansi.enabled=always
java_class_path (initial): D:\GitRepo\securite-service\target\classes;D:\MRepo\MP_REPO\org\springframework\cloud\spring-cloud-starter-netflix-eureka-client\2.2.2.RELEASE\spring-cloud-starter-netflix-eureka-client-2.2.2.RELEASE.jar;D:\MRepo\MP_REPO\org\springframework\cloud\spring-cloud-starter\2.2.2.RELEASE\spring-cloud-starter-2.2.2.RELEASE.jar;D:\MRepo\MP_REPO\org\springframework\cloud\spring-cloud-context\2.2.2.RELEASE\spring-cloud-context-2.2.2.RELEASE.jar;D:\MRepo\MP_REPO\org\springframework\security\spring-security-crypto\5.2.2.RELEASE\spring-security-crypto-5.2.2.RELEASE.jar;D:\MRepo\MP_REPO\org\springframework\cloud\spring-cloud-commons\2.2.2.RELEASE\spring-cloud-commons-2.2.2.RELEASE.jar;D:\MRepo\MP_REPO\org\springframework\security\spring-security-rsa\1.0.9.RELEASE\spring-security-rsa-1.0.9.RELEASE.jar;D:\MRepo\MP_REPO\org\bouncycastle\bcpkix-jdk15on\1.64\bcpkix-jdk15on-1.64.jar;D:\MRepo\MP_REPO\org\bouncycastle\bcprov-jdk15on\1.64\bcprov-jdk15on-1.64.jar;D:\MRepo\MP_REPO\org\springframework\cloud\spring-cloud-netflix-hystrix\2.2.2.RELEASE\spring-cloud-netflix-hystrix-2.2.2.RELEASE.jar;D:\MRepo\MP_REPO\org\springframework\boot\spring-boot-starter-aop\2.2.5.RELEASE\spring-boot-starter-aop-2.2.5.RELEASE.jar;D:\MRepo\MP_REPO\org\aspectj\aspectjweaver\1.9.5\aspectjweaver-1.9.5.jar;D:\MRepo\MP_REPO\org\springframework\cloud\spring-cloud-netflix-eureka-client\2.2.2.RELEASE\spring-cloud-netflix-eureka-client-2.2.2.RELEASE.jar;D:\MRepo\MP_REPO\com\netflix\eureka\eureka-client\1.9.17\eureka-client-1.9.17.jar;D:\MRepo\MP_REPO\org\codehaus\jettison\jettison\1.3.7\jettison-1.3.7.jar;D:\MRepo\MP_REPO\stax\stax-api\1.0.1\stax-api-1.0.1.jar;D:\MRepo\MP_REPO\com\netflix\netflix-commons\netflix-eventbus\0.3.0\netflix-eventbus-0.3.0.jar;D:\MRepo\MP_REPO\com\netflix\netflix-commons\netflix-infix\0.3.0\netflix-infix-0.3.0.jar;D:\MRepo\MP_REPO\commons-jxpath\commons-jxpath\1.3\commons-jxpath-1.3.jar;D:\MRepo\MP_REPO\joda-time\joda-time\2.10.5\joda-time-2.10.5.jar;D:\MRepo\MP
Launcher Type: SUN_STANDARD

[Global flags]
     bool BytecodeVerificationLocal                = false                                     {product} {command line}
     bool BytecodeVerificationRemote               = false                                     {product} {command line}
     intx CICompilerCount                          = 3                                         {product} {ergonomic}
     uint ConcGCThreads                            = 1                                         {product} {ergonomic}
     uint G1ConcRefinementThreads                  = 4                                         {product} {ergonomic}
   size_t G1HeapRegionSize                         = 1048576                                   {product} {ergonomic}
    uintx GCDrainStackTargetSize                   = 64                                        {product} {ergonomic}
   size_t InitialHeapSize                          = 134217728                                 {product} {ergonomic}
     bool ManagementServer                         = true                                      {product} {command line}
   size_t MarkStackSize                            = 4194304                                   {product} {ergonomic}
   size_t MaxHeapSize                              = 2120220672                                {product} {ergonomic}
   size_t MaxNewSize                               = 1271922688                                {product} {ergonomic}
   size_t MinHeapDeltaBytes                        = 1048576                                   {product} {ergonomic}
    uintx NonNMethodCodeHeapSize                   = 6973028                                {pd product} {ergonomic}
    uintx NonProfiledCodeHeapSize                  = 244685212                              {pd product} {ergonomic}
    uintx ProfiledCodeHeapSize                     = 0                                      {pd product} {ergonomic}
    uintx ReservedCodeCacheSize                    = 251658240                              {pd product} {ergonomic}
     bool SegmentedCodeCache                       = true                                      {product} {ergonomic}
     intx TieredStopAtLevel                        = 1                                         {product} {command line}
     bool UseCompressedClassPointers               = true                                 {lp64_product} {ergonomic}
     bool UseCompressedOops                        = true                                 {lp64_product} {ergonomic}
     bool UseG1GC                                  = true                                      {product} {ergonomic}
     bool UseLargePagesIndividualAllocation        = false                                  {pd product} {ergonomic}

Logging:
Log output configuration:
 #0: stdout all=warning uptime,level,tags
 #1: stderr all=off uptime,level,tags

Environment Variables:
JAVA_HOME=D:\Programs\Java8
PATH=D:/Programs/Java8/bin/../jre/bin/server;D:/Programs/Java8/bin/../jre/bin;D:/Programs/Java8/bin/../jre/lib/amd64;D:\Programs\Oracle\product\11.2.0\dbhome_1\bin;C:\Program Files (x86)\Intel\Intel(R) Management Engine Components\iCLS\;C:\Program Files\Intel\Intel(R) Management Engine Components\iCLS\;C:\windows\system32;C:\windows;C:\windows\System32\Wbem;C:\windows\System32\WindowsPowerShell\v1.0\;C:\windows\System32\OpenSSH\;C:\Program Files (x86)\Intel\Intel(R) Management Engine Components\DAL;C:\Program Files\Intel\Intel(R) Management Engine Components\DAL;D:\Programs\Java8\bin;C:\Program Files\erl7.3\bin;D:\Programs\apache-maven-3.6.1\bin;C:\Program Files (x86)\Subversion\bin;C:\Program Files\Git\cmd;D:\Environnements\PSCO\SafeNet\Authentication\SAC\x64;D:\Environnements\PSCO\SafeNet\Authentication\SAC\x32;C:\Program Files\Docker\Docker\resources\bin;C:\ProgramData\DockerDesktop\version-bin;D:\Programs\Python\Python38-32\Scripts\;D:\Programs\Python\Python38-32\;C:\Users\SYASMINE\AppData\Local\Microsoft\WindowsApps;D:\Programs\PyCharm Community Edition 2019.3.2\bin;C:\Users\SYASMINE\AppData\Local\atom\bin;D:\Programs\sts-4.5.1.RELEASE;
USERNAME=syasmine
OS=Windows_NT
PROCESSOR_IDENTIFIER=Intel64 Family 6 Model 61 Stepping 4, GenuineIntel



---------------  S Y S T E M  ---------------

OS: Windows 10 , 64 bit Build 17763 (10.0.17763.475)

CPU:total 4 (initial active 4) (2 cores per cpu, 2 threads per core) family 6 model 61 stepping 4, cmov, cx8, fxsr, mmx, sse, sse2, sse3, ssse3, sse4.1, sse4.2, popcnt, avx, avx2, aes, clmul, erms, rtm, 3dnowpref, lzcnt, ht, tsc, tscinvbit, bmi1, bmi2, adx, fma

Memory: 4k page, system-wide physical 8082M (317M free)
TotalPageFile size 23119M (AvailPageFile size 0M)
current process WorkingSet (physical memory assigned to process): 231M, peak: 234M
current process commit charge ("private bytes"): 298M, peak: 299M

vm_info: OpenJDK 64-Bit Server VM (11.0.2+9) for windows-amd64 JRE (11.0.2+9), built on Jan 18 2019 05:23:22 by "mach5one" with MS VC++ 15.5 (VS2017)

END.
